<?xml version="1.0" encoding="UTF-8"?>
<!-- Generated by org.testng.reporters.JUnitXMLReporter -->
<testsuite hostname="AKLSSINHA" ignored="0" name="Functional" tests="1" failures="1" timestamp="2020-10-04T18:02:48 NZDT" time="0.033" errors="0">
  <testcase name="VerifyUS1TC1" time="0.0" classname="com.qa.testcase.KiwiSaverCalctest">
    <failure type="org.testng.TestNGException" message="
Cannot inject @Test annotated Method [VerifyUS1TC1] with [class java.lang.String, class java.lang.String].
For more information on native dependency injection please refer to http://testng.org/doc/documentation-main.html#native-dependency-injection">
      <![CDATA[org.testng.TestNGException: 
Cannot inject @Test annotated Method [VerifyUS1TC1] with [class java.lang.String, class java.lang.String].
For more information on native dependency injection please refer to http://testng.org/doc/documentation-main.html#native-dependency-injection
at java.util.ArrayList.forEach(ArrayList.java:1257)
... Removed 26 stack frames]]>
    </failure>
  </testcase> <!-- VerifyUS1TC1 -->
</testsuite> <!-- Functional -->
