<?xml version="1.0" encoding="UTF-8"?>
<!-- Generated by org.testng.reporters.JUnitXMLReporter -->
<testsuite hostname="AKLSSINHA" ignored="0" name="KiwiSaverCalctest.VerifyUS2TC2" tests="1" failures="1" timestamp="2020-10-04T18:36:06 NZDT" time="0.035" errors="0">
  <testcase name="VerifyUS2TC2" time="0.0" classname="com.qa.testcase.KiwiSaverCalctest">
    <failure type="org.testng.TestNGException" message="
Cannot inject @Test annotated Method [VerifyUS2TC2] with [class java.lang.String, class java.lang.String, class java.lang.String, class java.lang.String, class java.lang.String].
For more information on native dependency injection please refer to http://testng.org/doc/documentation-main.html#native-dependency-injection">
      <![CDATA[org.testng.TestNGException: 
Cannot inject @Test annotated Method [VerifyUS2TC2] with [class java.lang.String, class java.lang.String, class java.lang.String, class java.lang.String, class java.lang.String].
For more information on native dependency injection please refer to http://testng.org/doc/documentation-main.html#native-dependency-injection
at java.util.ArrayList.forEach(ArrayList.java:1257)
... Removed 26 stack frames]]>
    </failure>
  </testcase> <!-- VerifyUS2TC2 -->
</testsuite> <!-- KiwiSaverCalctest.VerifyUS2TC2 -->
