<?xml version="1.0" encoding="UTF-8"?>
<!-- Generated by org.testng.reporters.JUnitXMLReporter -->
<testsuite hostname="AKLSSINHA" ignored="0" name="TC1_ShowInfoMessageForAge" tests="1" failures="1" timestamp="2020-10-04T23:18:28 NZDT" time="2.514" errors="0">
  <testcase name="TC1_ShowInfoMessageForAge" time="0.019" classname="com.qa.testcase.KiwiSaverCalctest">
    <failure type="java.lang.NullPointerException">
      <![CDATA[java.lang.NullPointerException
at com.qa.testcase.KiwiSaverCalctest.TC1_ShowInfoMessageForAge(KiwiSaverCalctest.java:39)
at java.util.ArrayList.forEach(ArrayList.java:1257)
... Removed 27 stack frames]]>
    </failure>
  </testcase> <!-- TC1_ShowInfoMessageForAge -->
</testsuite> <!-- TC1_ShowInfoMessageForAge -->
